2024-08-23T15:04:32.951288Z TRACE foundry_config::providers::remappings: get all remappings from "/Users/antonio/MatterLabs/foundry-zksync-verify"
2024-08-23T15:04:32.951424Z TRACE foundry_config::providers::remappings: find all remappings of nested foundry.toml lib: "/Users/antonio/MatterLabs/foundry-zksync-verify/lib/forge-std"
2024-08-23T15:04:32.951889Z TRACE foundry_config::providers::remappings: get all remappings from "/Users/antonio/MatterLabs/foundry-zksync-verify/lib/forge-std"
2024-08-23T15:04:32.951896Z TRACE foundry_config::providers::remappings: find all remappings lib="/Users/antonio/MatterLabs/foundry-zksync-verify/lib/forge-std/lib"
2024-08-23T15:04:32.952028Z TRACE foundry_config: load config with provider: Metadata { name: "Default", source: None, provide_location: None, interpolater:  }
2024-08-23T15:04:32.952384Z TRACE foundry_config::providers::remappings: find all remappings lib="/Users/antonio/MatterLabs/foundry-zksync-verify/lib"
2024-08-23T15:04:32.953362Z TRACE foundry_cli::utils: executing command=cd "/Users/antonio/MatterLabs/foundry-zksync-verify" && "git" "submodule" "status" "/Users/antonio/MatterLabs/foundry-zksync-verify/lib"
2024-08-23T15:04:33.212203Z TRACE foundry_cli::utils: code=Some(0) output=Output { status: ExitStatus(unix_wait_status(0)), stdout: " 1714bee72e286e73f76e320d110e0eaf5c4e649d lib/forge-std (v1.9.2)\n", stderr: "" }
2024-08-23T15:04:33.212973Z DEBUG version: foundry_compilers::compilers::solc::compiler: getting Solc version cmd="/Users/antonio/.svm/0.8.24/solc-0.8.24" "--version"
2024-08-23T15:04:33.503509Z TRACE version: foundry_compilers::compilers::solc::compiler: output=Output { status: ExitStatus(unix_wait_status(0)), stdout: "solc, the solidity compiler commandline interface\nVersion: 0.8.24+commit.e11b9ed9.Darwin.appleclang\n", stderr: "" }
2024-08-23T15:04:33.503886Z DEBUG version: foundry_compilers::compilers::solc::compiler: version=0.8.24+commit.e11b9ed9.Darwin.appleclang
2024-08-23T15:04:33.504031Z DEBUG version: foundry_compilers::compilers::zksolc: getting ZkSolc version cmd="/Users/antonio/.zksync/zksolc-macosx-arm64-v1.5.1" "--version"
2024-08-23T15:04:33.511062Z TRACE version: foundry_compilers::compilers::zksolc: output=Output { status: ExitStatus(unix_wait_status(0)), stdout: "Solidity compiler for ZKsync v1.5.1 (LLVM build 280f38e3b73cbed0b037aa7e6c073d8e25dbdaa1)\n", stderr: "" }
2024-08-23T15:04:33.511081Z DEBUG version: foundry_compilers::compilers::zksolc: version=1.5.1

2024-08-23T15:04:33.511343Z DEBUG zksync_compile_with: foundry_common::compile: compiling project
2024-08-23T15:04:33.511466Z TRACE zksync_compile_with:read_source: foundry_compilers_artifacts_solc::sources: file=/Users/antonio/MatterLabs/foundry-zksync-verify/contracts/Counter.sol
2024-08-23T15:04:33.512585Z TRACE zksync_compile_with: foundry_compilers::resolver: resolving input node versions
2024-08-23T15:04:33.512605Z TRACE zksync_compile_with: foundry_compilers::resolver: found exact solc version for all sources  "0.8.24"
2024-08-23T15:04:33.512608Z TRACE zksync_compile_with: foundry_compilers::resolver: resolved 1 versions [Installed(Version { major: 0, minor: 8, patch: 24 })]
2024-08-23T15:04:33.512624Z TRACE zksync_compile_with: foundry_compilers::zksync::compile::project: preprocessing
2024-08-23T15:04:33.512646Z TRACE zksync_compile_with:sol-files-cache::read: foundry_compilers::cache: reading solfiles cache at /Users/antonio/MatterLabs/foundry-zksync-verify/cache/zksync-solidity-files-cache.json
2024-08-23T15:04:33.513337Z TRACE zksync_compile_with:sol-files-cache::read: foundry_compilers::cache: read cache "" with 25 entries
2024-08-23T15:04:33.513383Z TRACE zksync_compile_with: foundry_compilers::cache: remove non existing files from cache
2024-08-23T15:04:33.513480Z TRACE zksync_compile_with: foundry_compilers::cache: reading artifacts from cache...
2024-08-23T15:04:33.514205Z TRACE zksync_compile_with: foundry_compilers::cache: read 0 artifacts from cache
2024-08-23T15:04:33.514213Z TRACE zksync_compile_with: foundry_compilers::cache: reading build infos from cache...
2024-08-23T15:04:33.514464Z TRACE zksync_compile_with:read_source: foundry_compilers_artifacts_solc::sources: file=/Users/antonio/MatterLabs/foundry-zksync-verify/lib/forge-std/src/StdInvariant.sol
2024-08-23T15:04:33.514502Z TRACE zksync_compile_with:read_source: foundry_compilers_artifacts_solc::sources: file=/Users/antonio/MatterLabs/foundry-zksync-verify/lib/forge-std/src/mocks/MockERC721.sol
2024-08-23T15:04:33.514535Z TRACE zksync_compile_with:read_source: foundry_compilers_artifacts_solc::sources: file=/Users/antonio/MatterLabs/foundry-zksync-verify/lib/forge-std/src/safeconsole.sol
2024-08-23T15:04:33.514676Z TRACE zksync_compile_with:read_source: foundry_compilers_artifacts_solc::sources: file=/Users/antonio/MatterLabs/foundry-zksync-verify/lib/forge-std/src/StdChains.sol
2024-08-23T15:04:33.514711Z TRACE zksync_compile_with:read_source: foundry_compilers_artifacts_solc::sources: file=/Users/antonio/MatterLabs/foundry-zksync-verify/lib/forge-std/src/Base.sol
2024-08-23T15:04:33.514744Z TRACE zksync_compile_with:read_source: foundry_compilers_artifacts_solc::sources: file=/Users/antonio/MatterLabs/foundry-zksync-verify/lib/forge-std/src/StdUtils.sol
2024-08-23T15:04:33.514774Z TRACE zksync_compile_with:read_source: foundry_compilers_artifacts_solc::sources: file=/Users/antonio/MatterLabs/foundry-zksync-verify/lib/forge-std/src/interfaces/IERC20.sol
2024-08-23T15:04:33.514801Z TRACE zksync_compile_with:read_source: foundry_compilers_artifacts_solc::sources: file=/Users/antonio/MatterLabs/foundry-zksync-verify/lib/forge-std/src/StdStorage.sol
2024-08-23T15:04:33.514833Z TRACE zksync_compile_with:read_source: foundry_compilers_artifacts_solc::sources: file=/Users/antonio/MatterLabs/foundry-zksync-verify/lib/forge-std/src/interfaces/IERC721.sol
2024-08-23T15:04:33.514863Z TRACE zksync_compile_with:read_source: foundry_compilers_artifacts_solc::sources: file=/Users/antonio/MatterLabs/foundry-zksync-verify/lib/forge-std/src/Script.sol
2024-08-23T15:04:33.514892Z TRACE zksync_compile_with:read_source: foundry_compilers_artifacts_solc::sources: file=/Users/antonio/MatterLabs/foundry-zksync-verify/lib/forge-std/src/StdAssertions.sol
2024-08-23T15:04:33.514927Z TRACE zksync_compile_with:read_source: foundry_compilers_artifacts_solc::sources: file=/Users/antonio/MatterLabs/foundry-zksync-verify/lib/forge-std/src/Test.sol
2024-08-23T15:04:33.514955Z TRACE zksync_compile_with:read_source: foundry_compilers_artifacts_solc::sources: file=/Users/antonio/MatterLabs/foundry-zksync-verify/lib/forge-std/src/Vm.sol
2024-08-23T15:04:33.515020Z TRACE zksync_compile_with:read_source: foundry_compilers_artifacts_solc::sources: file=/Users/antonio/MatterLabs/foundry-zksync-verify/lib/forge-std/src/console2.sol
2024-08-23T15:04:33.515057Z TRACE zksync_compile_with:read_source: foundry_compilers_artifacts_solc::sources: file=/Users/antonio/MatterLabs/foundry-zksync-verify/lib/forge-std/src/StdCheats.sol
2024-08-23T15:04:33.515096Z TRACE zksync_compile_with:read_source: foundry_compilers_artifacts_solc::sources: file=/Users/antonio/MatterLabs/foundry-zksync-verify/lib/forge-std/src/StdMath.sol
2024-08-23T15:04:33.515139Z TRACE zksync_compile_with:read_source: foundry_compilers_artifacts_solc::sources: file=/Users/antonio/MatterLabs/foundry-zksync-verify/lib/forge-std/src/StdStyle.sol
2024-08-23T15:04:33.515223Z TRACE zksync_compile_with:read_source: foundry_compilers_artifacts_solc::sources: file=/Users/antonio/MatterLabs/foundry-zksync-verify/lib/forge-std/src/interfaces/IMulticall3.sol
2024-08-23T15:04:33.515245Z TRACE zksync_compile_with:read_source: foundry_compilers_artifacts_solc::sources: file=/Users/antonio/MatterLabs/foundry-zksync-verify/contracts/Counter.sol
2024-08-23T15:04:33.515261Z TRACE zksync_compile_with:read_source: foundry_compilers_artifacts_solc::sources: file=/Users/antonio/MatterLabs/foundry-zksync-verify/lib/forge-std/src/console.sol
2024-08-23T15:04:33.515294Z TRACE zksync_compile_with:read_source: foundry_compilers_artifacts_solc::sources: file=/Users/antonio/MatterLabs/foundry-zksync-verify/lib/forge-std/src/StdJson.sol
2024-08-23T15:04:33.515313Z TRACE zksync_compile_with:read_source: foundry_compilers_artifacts_solc::sources: file=/Users/antonio/MatterLabs/foundry-zksync-verify/lib/forge-std/src/StdError.sol
2024-08-23T15:04:33.515336Z TRACE zksync_compile_with:read_source: foundry_compilers_artifacts_solc::sources: file=/Users/antonio/MatterLabs/foundry-zksync-verify/lib/forge-std/src/StdToml.sol
2024-08-23T15:04:33.515352Z TRACE zksync_compile_with:read_source: foundry_compilers_artifacts_solc::sources: file=/Users/antonio/MatterLabs/foundry-zksync-verify/lib/forge-std/src/interfaces/IERC165.sol
2024-08-23T15:04:33.515367Z TRACE zksync_compile_with:read_source: foundry_compilers_artifacts_solc::sources: file=/Users/antonio/MatterLabs/foundry-zksync-verify/lib/forge-std/src/mocks/MockERC20.sol
2024-08-23T15:04:33.540868Z TRACE zksync_compile_with: foundry_compilers::zksync::compile::project: Filtering 1 sources for 0.8.24
2024-08-23T15:04:33.540903Z TRACE zksync_compile_with:is_missing_artifacts{file="/Users/antonio/MatterLabs/foundry-zksync-verify/contracts/Counter.sol" version=Version { major: 0, minor: 8, patch: 24 }}: foundry_compilers::cache: missing artifact "/Users/antonio/MatterLabs/foundry-zksync-verify/zkout/Counter.sol/Counter.json"
2024-08-23T15:04:33.540913Z TRACE zksync_compile_with: foundry_compilers::zksync::compile::project: Detected 1 sources to compile ["/Users/antonio/MatterLabs/foundry-zksync-verify/contracts/Counter.sol"]
2024-08-23T15:04:33.540916Z TRACE zksync_compile_with: foundry_compilers::zksync::compile::project: compiling
2024-08-23T15:04:33.540922Z TRACE zksync_compile_with: foundry_compilers::zksync::compile::project: calling 0.8.24 with 1 sources ["/Users/antonio/MatterLabs/foundry-zksync-verify/contracts/Counter.sol"]
Compiling 1 files with zksolc and solc 0.8.24
2024-08-23T15:04:33.540957Z TRACE zksync_compile_with:compile: foundry_compilers::compilers::zksolc: input={"language":"Solidity","sources":{"contracts/Counter.sol":{"content":"// SPDX-License-Identifier: UNLICENSED\npragma solidity ^0.8.13;\n\ncontract Counter {\n    uint256 public number;\n\n    function setNumber(uint256 newNumber) public {\n        number = newNumber;\n    }\n\n    function increment() public {\n        number++;\n    }\n}\n"}},"settings":{"viaIR":false,"remappings":["forge-std/=lib/forge-std/src/"],"evmVersion":"cancun","outputSelection":{"*":{"*":["abi"]}},"optimizer":{"enabled":true,"mode":"3","fallback_to_optimizing_for_size":false,"disable_system_request_memoization":true},"metadata":{},"libraries":{},"detectMissingLibraries":false,"enableEraVMExtensions":false,"forceEVMLA":false,"allowPaths":["/Users/antonio/MatterLabs/foundry-zksync-verify","/Users/antonio/MatterLabs/foundry-zksync-verify/lib"],"includePaths":["/Users/antonio/MatterLabs/foundry-zksync-verify"]}}
2024-08-23T15:04:33.540964Z DEBUG zksync_compile_with:compile: foundry_compilers::compilers::zksolc: compiling cmd="/Users/antonio/.zksync/zksolc-macosx-arm64-v1.5.1" "--solc" "/Users/antonio/.svm/0.8.24/solc-0.8.24" "--standard-json"
2024-08-23T15:04:33.541849Z DEBUG zksync_compile_with:compile: foundry_compilers::compilers::zksolc: spawned
2024-08-23T15:04:33.541944Z DEBUG zksync_compile_with:compile: foundry_compilers::compilers::zksolc: wrote JSON input to stdin
2024-08-23T15:04:33.893694Z DEBUG zksync_compile_with:compile: foundry_compilers::compilers::zksolc: finished output.status=exit status: 0 output.stderr=""
zksolc and solc 0.8.24 finished in 352.82ms
2024-08-23T15:04:33.893815Z TRACE zksync_compile_with:write-artifacts: foundry_compilers::zksync::compile::project: handling artifact output for 1 contracts and 1 sources
2024-08-23T15:04:33.893836Z TRACE zksync_compile_with:write-artifacts: foundry_compilers::artifact_output: use existing artifact file "/Users/antonio/MatterLabs/foundry-zksync-verify/zkout/Counter.sol/Counter.json"
2024-08-23T15:04:33.893839Z TRACE zksync_compile_with:write-artifacts: foundry_compilers::zksync::artifact_output::zk: use artifact file "/Users/antonio/MatterLabs/foundry-zksync-verify/zkout/Counter.sol/Counter.json" for contract file /Users/antonio/MatterLabs/foundry-zksync-verify/contracts/Counter.sol 0.8.24
2024-08-23T15:04:33.893890Z TRACE zksync_compile_with:write-artifacts: foundry_compilers::artifact_output: writing artifact file "/Users/antonio/MatterLabs/foundry-zksync-verify/zkout/Counter.sol/Counter.json" 0.8.24
2024-08-23T15:04:33.894096Z TRACE zksync_compile_with:write-artifacts: foundry_compilers::zksync::compile::output: writing build info file 3ab26b8ae28ad28569071d0a8d42e47e
2024-08-23T15:04:33.894192Z TRACE zksync_compile_with: foundry_compilers::zksync::compile::project: prepare writing cache file has_error=false project.no_artifacts=false skip_write_to_disk=false cache_path="/Users/antonio/MatterLabs/foundry-zksync-verify/cache/zksync-solidity-files-cache.json"
2024-08-23T15:04:33.894218Z TRACE zksync_compile_with: foundry_compilers::cache: writing cache with 25 entries to json file: "/Users/antonio/MatterLabs/foundry-zksync-verify/cache/zksync-solidity-files-cache.json"
2024-08-23T15:04:33.894369Z TRACE zksync_compile_with: foundry_compilers::cache: cache file located: "/Users/antonio/MatterLabs/foundry-zksync-verify/cache/zksync-solidity-files-cache.json"
2024-08-23T15:04:33.894381Z DEBUG zksync_compile_with: foundry_common::compile: finished compiling in 0.383s
Compiler run successful!
